<?xml version="1.0" encoding="UTF-8"?>
<!-- Generated by org.testng.reporters.JUnitReportReporter -->
<testsuite hostname="DESKTOP-Q0RMI1I" failures="0" tests="1" name="GitHubDemo.Demo2" time="0.014" errors="0" timestamp="2022-03-14T09:42:42 IST" skipped="0">
  <testcase classname="GitHubDemo.Demo2" name="demo2" time="0.014"/>
  <system-out/>
</testsuite> <!-- GitHubDemo.Demo2 -->
